2024-03-27 17:25:51,876 [INFO] Activator:176 - 


2024-03-27 17:25:51,878 [INFO] Activator:177 - !SESSION log4j initialized
2024-03-27 17:25:56,728 [INFO] LogOutputStream:77 - [STDOUT_REDIRECT] 
2024-03-27 17:26:00,129 [INFO] ApplicationProperties:184 - Using Application install path: C:\ST\STM32CubeIDE_1.15.0\STM32CubeIDE\plugins\com.st.stm32cube.common.mx_6.11.0.202403141607
2024-03-27 17:26:00,164 [INFO] DbMcusXml:78 - Set database path to: C:\ST\STM32CubeIDE_1.15.0\STM32CubeIDE\plugins\com.st.stm32cube.common.mx_6.11.0.202403141607\\db\/mcu/
2024-03-27 17:26:00,164 [INFO] ApiDb:274 - Set plugin database path to: C:\ST\STM32CubeIDE_1.15.0\STM32CubeIDE\plugins\com.st.stm32cube.common.mx_6.11.0.202403141607\\db\/plugins/boardmanager/
2024-03-27 17:26:00,165 [WARN] ApiDb:259 - Overriding images path with different value:  => C:\ST\STM32CubeIDE_1.15.0\STM32CubeIDE\plugins\com.st.stm32cube.common.mx_6.11.0.202403141607\\db\/plugins/mcufinder/images/
2024-03-27 17:26:00,178 [INFO] ApiDb:250 - Set database path to: C:\Users\abdel\.stmcufinder\plugins\mcufinder//mcu/
2024-03-27 17:26:00,180 [INFO] DbMcusAds:125 - Set database path to: C:\Users\abdel\.stmcufinder\plugins\mcufinder//mcu/
2024-03-27 17:26:00,182 [INFO] CrossReferenceDbSqlite:203 - Set database path to: C:\Users\abdel\.stmcufinder\plugins\mcufinder//mcu/cs/
2024-03-27 17:26:00,393 [INFO] RulesReader:64 - Compatibility file has been processed (297 Rules)
2024-03-27 17:26:00,514 [INFO] DbMcusXml:78 - Set database path to: C:\ST\STM32CubeIDE_1.15.0\STM32CubeIDE\plugins\com.st.stm32cube.common.mx_6.11.0.202403141607\\db\/mcu/
2024-03-27 17:26:00,514 [INFO] ApiDb:274 - Set plugin database path to: C:\ST\STM32CubeIDE_1.15.0\STM32CubeIDE\plugins\com.st.stm32cube.common.mx_6.11.0.202403141607\\db\/plugins/boardmanager/
2024-03-27 17:26:00,515 [INFO] ApiDb:261 - Set plugin images path to: C:\ST\STM32CubeIDE_1.15.0\STM32CubeIDE\plugins\com.st.stm32cube.common.mx_6.11.0.202403141607\\db\/plugins/mcufinder/images/
2024-03-27 17:26:00,515 [WARN] DbFile:41 - Overriding database path with different value: C:\Users\abdel\.stmcufinder\plugins\mcufinder/ => C:\Users\abdel\.stmcufinder\plugins\mcufinder
2024-03-27 17:26:00,515 [INFO] ApiDb:250 - Set database path to: C:\Users\abdel\.stmcufinder\plugins\mcufinder//mcu/
2024-03-27 17:26:00,515 [WARN] DbFile:41 - Overriding database path with different value: C:\Users\abdel\.stmcufinder\plugins\mcufinder/ => C:\Users\abdel\.stmcufinder\plugins\mcufinder
2024-03-27 17:26:00,515 [INFO] DbMcusAds:125 - Set database path to: C:\Users\abdel\.stmcufinder\plugins\mcufinder//mcu/
2024-03-27 17:26:00,515 [WARN] DbFile:41 - Overriding database path with different value: C:\Users\abdel\.stmcufinder\plugins\mcufinder/ => C:\Users\abdel\.stmcufinder\plugins\mcufinder
2024-03-27 17:26:00,515 [WARN] DbFile:41 - Overriding database path with different value: C:\Users\abdel\.stmcufinder\plugins\mcufinder/ => C:\Users\abdel\.stmcufinder\plugins\mcufinder
2024-03-27 17:26:00,516 [INFO] CrossReferenceDbSqlite:203 - Set database path to: C:\Users\abdel\.stmcufinder\plugins\mcufinder//mcu/cs/
2024-03-27 17:26:00,639 [INFO] MainPanel:264 - HeapMemory: 268435456
2024-03-27 17:26:00,799 [INFO] DbMcusXml:78 - Set database path to: C:\ST\STM32CubeIDE_1.15.0\STM32CubeIDE\plugins\com.st.stm32cube.common.mx_6.11.0.202403141607\\db\/mcu/
2024-03-27 17:26:00,799 [INFO] ApiDb:274 - Set plugin database path to: C:\ST\STM32CubeIDE_1.15.0\STM32CubeIDE\plugins\com.st.stm32cube.common.mx_6.11.0.202403141607\\db\/plugins/boardmanager/
2024-03-27 17:26:00,799 [INFO] ApiDb:261 - Set plugin images path to: C:\ST\STM32CubeIDE_1.15.0\STM32CubeIDE\plugins\com.st.stm32cube.common.mx_6.11.0.202403141607\\db\/plugins/mcufinder/images/
2024-03-27 17:26:00,799 [WARN] DbFile:41 - Overriding database path with different value: C:\Users\abdel\.stmcufinder\plugins\mcufinder/ => C:\Users\abdel\.stmcufinder\plugins\mcufinder
2024-03-27 17:26:00,800 [INFO] ApiDb:250 - Set database path to: C:\Users\abdel\.stmcufinder\plugins\mcufinder//mcu/
2024-03-27 17:26:00,800 [WARN] DbFile:41 - Overriding database path with different value: C:\Users\abdel\.stmcufinder\plugins\mcufinder/ => C:\Users\abdel\.stmcufinder\plugins\mcufinder
2024-03-27 17:26:00,800 [INFO] DbMcusAds:125 - Set database path to: C:\Users\abdel\.stmcufinder\plugins\mcufinder//mcu/
2024-03-27 17:26:00,800 [WARN] DbFile:41 - Overriding database path with different value: C:\Users\abdel\.stmcufinder\plugins\mcufinder/ => C:\Users\abdel\.stmcufinder\plugins\mcufinder
2024-03-27 17:26:00,800 [WARN] DbFile:41 - Overriding database path with different value: C:\Users\abdel\.stmcufinder\plugins\mcufinder/ => C:\Users\abdel\.stmcufinder\plugins\mcufinder
2024-03-27 17:26:00,800 [INFO] CrossReferenceDbSqlite:203 - Set database path to: C:\Users\abdel\.stmcufinder\plugins\mcufinder//mcu/cs/
2024-03-27 17:26:00,834 [INFO] ApplicationProperties:184 - Using Application install path: C:\ST\STM32CubeIDE_1.15.0\STM32CubeIDE\plugins\com.st.stm32cube.common.mx_6.11.0.202403141607
2024-03-27 17:26:00,837 [INFO] PluginManage:196 - Search for loadable plugins [exclusion list=, ]
2024-03-27 17:26:00,839 [INFO] PluginManage:310 - Check plugin analytics
2024-03-27 17:26:01,251 [INFO] AnalyticsPlugin:253 - Accepted Software Licenses: 
2024-03-27 17:26:01,251 [INFO] AnalyticsPlugin:255 - Accepted CMSIS Pack Licenses: 
2024-03-27 17:26:01,251 [INFO] AnalyticsPlugin:257 - Accepted Firmware Licenses: 
2024-03-27 17:26:01,254 [INFO] PluginManage:359 - Loaded plugin analytics (category:tool,tabindex:-1)
2024-03-27 17:26:01,255 [INFO] PluginManage:310 - Check plugin cadmodel
2024-03-27 17:26:01,262 [INFO] CADModel:105 - Init CAD model plugin
2024-03-27 17:26:01,263 [INFO] PluginManage:359 - Loaded plugin cadmodel (category:power,tabindex:5)
2024-03-27 17:26:01,263 [INFO] PluginManage:310 - Check plugin clock
2024-03-27 17:26:01,275 [INFO] PluginManage:359 - Loaded plugin clock (category:base,tabindex:2)
2024-03-27 17:26:01,275 [INFO] PluginManage:310 - Check plugin ddr
2024-03-27 17:26:01,277 [INFO] PluginManage:359 - Loaded plugin ddr (category:tool,tabindex:6)
2024-03-27 17:26:01,277 [INFO] PluginManage:310 - Check plugin filemanager
2024-03-27 17:26:01,530 [INFO] PluginManage:359 - Loaded plugin filemanager (category:base,tabindex:10)
2024-03-27 17:26:01,531 [INFO] PluginManage:310 - Check plugin ipmanager
2024-03-27 17:26:01,546 [INFO] PluginManage:359 - Loaded plugin ipmanager (category:base,tabindex:5)
2024-03-27 17:26:01,547 [INFO] PluginManage:310 - Check plugin lpbam
2024-03-27 17:26:01,567 [INFO] PluginManage:359 - Loaded plugin lpbam (category:base,tabindex:0)
2024-03-27 17:26:01,568 [INFO] PluginManage:310 - Check plugin memorymap
2024-03-27 17:26:01,613 [INFO] PluginManage:359 - Loaded plugin memorymap (category:base,tabindex:4)
2024-03-27 17:26:01,614 [INFO] PluginManage:310 - Check plugin pinoutandconfiguration
2024-03-27 17:26:01,624 [INFO] PluginManage:359 - Loaded plugin pinoutandconfiguration (category:base,tabindex:1)
2024-03-27 17:26:01,624 [INFO] PluginManage:310 - Check plugin pinoutconfig
2024-03-27 17:26:01,739 [WARN] SupportedApi:132 - Cannot load RTOS API schema: s4s-elt-must-match.1: The content of 'definitions' must match (annotation?, (simpleType | complexType)?, (unique | key | keyref)*)). A problem was found starting at: attribute.
2024-03-27 17:26:02,153 [INFO] PluginManage:359 - Loaded plugin pinoutconfig (category:base,tabindex:0)
2024-03-27 17:26:02,154 [INFO] PluginManage:310 - Check plugin power
2024-03-27 17:26:02,168 [INFO] PluginManage:359 - Loaded plugin power (category:power,tabindex:4)
2024-03-27 17:26:02,168 [INFO] PluginManage:310 - Check plugin projectmanager
2024-03-27 17:26:02,188 [INFO] PluginManage:359 - Loaded plugin projectmanager (category:projectmanager,tabindex:3)
2024-03-27 17:26:02,188 [INFO] PluginManage:310 - Check plugin thirdparty
2024-03-27 17:26:02,392 [INFO] PluginManage:359 - Loaded plugin thirdparty (category:base,tabindex:-1)
2024-03-27 17:26:02,392 [INFO] PluginManage:310 - Check plugin tools
2024-03-27 17:26:02,392 [WARN] IntegrityCheckThread:84 - waiting for thirdparty lock release [integrity check]
2024-03-27 17:26:02,394 [INFO] IntegrityCheckThread:86 - entering critical section [integrity check]
2024-03-27 17:26:02,394 [INFO] ThirdPartyUpdaterWithRetryManager:70 - Updater plugin not ready yet. [1/15]
2024-03-27 17:26:02,397 [INFO] PluginManage:359 - Loaded plugin tools (category:base,tabindex:7)
2024-03-27 17:26:02,398 [INFO] PluginManage:310 - Check plugin tutovideos
2024-03-27 17:26:02,709 [INFO] PluginManage:359 - Loaded plugin tutovideos (category:base,tabindex:-1)
2024-03-27 17:26:02,709 [INFO] PluginManage:310 - Check plugin updater
2024-03-27 17:26:02,733 [INFO] PluginManage:359 - Loaded plugin updater (category:base,tabindex:12)
2024-03-27 17:26:02,733 [INFO] PluginManage:310 - Check plugin userauth
2024-03-27 17:26:02,747 [INFO] UserAuth:114 - Init User Auth plugin
2024-03-27 17:26:02,748 [INFO] PluginManage:359 - Loaded plugin userauth (category:base,tabindex:14)
2024-03-27 17:26:02,749 [INFO] PluginManage:283 - PluginManage : Loaded plugins [17]
2024-03-27 17:26:03,200 [INFO] PinOutPanel:1561 - setPackage(No Configuration,No Configuration)
2024-03-27 17:26:03,344 [INFO] CADModel:165 - CPN selected for project level
2024-03-27 17:26:03,344 [INFO] CADModel:114 - Register for checkConnection events
2024-03-27 17:26:03,377 [INFO] IPUIPlugin:80 - create IPUIPlugin
2024-03-27 17:26:03,378 [INFO] PluginManager:220 - loadIPPluginJar : add adc
2024-03-27 17:26:03,383 [INFO] IPUIPlugin:80 - create IPUIPlugin
2024-03-27 17:26:03,383 [INFO] PluginManager:220 - loadIPPluginJar : add aes
2024-03-27 17:26:03,389 [INFO] IPUIPlugin:80 - create IPUIPlugin
2024-03-27 17:26:03,389 [INFO] PluginManager:220 - loadIPPluginJar : add can
2024-03-27 17:26:03,392 [INFO] IPUIPlugin:80 - create IPUIPlugin
2024-03-27 17:26:03,392 [INFO] PluginManager:220 - loadIPPluginJar : add comp
2024-03-27 17:26:03,398 [INFO] IPUIPlugin:80 - create IPUIPlugin
2024-03-27 17:26:03,399 [INFO] PluginManager:220 - loadIPPluginJar : add cryp
2024-03-27 17:26:03,406 [INFO] IPUIPlugin:80 - create IPUIPlugin
2024-03-27 17:26:03,406 [INFO] PluginManager:220 - loadIPPluginJar : add dfsdm
2024-03-27 17:26:03,417 [INFO] IPUIPlugin:80 - create IPUIPlugin
2024-03-27 17:26:03,418 [INFO] PluginManager:220 - loadIPPluginJar : add dma
2024-03-27 17:26:03,425 [INFO] IPUIPlugin:80 - create IPUIPlugin
2024-03-27 17:26:03,425 [INFO] PluginManager:220 - loadIPPluginJar : add dma3
2024-03-27 17:26:03,432 [INFO] IPUIPlugin:80 - create IPUIPlugin
2024-03-27 17:26:03,432 [INFO] PluginManager:220 - loadIPPluginJar : add extmemmanager
2024-03-27 17:26:03,436 [INFO] IPUIPlugin:80 - create IPUIPlugin
2024-03-27 17:26:03,436 [INFO] PluginManager:220 - loadIPPluginJar : add fatfs
2024-03-27 17:26:03,443 [INFO] IPUIPlugin:80 - create IPUIPlugin
2024-03-27 17:26:03,443 [INFO] PluginManager:220 - loadIPPluginJar : add fmc
2024-03-27 17:26:03,455 [INFO] IPUIPlugin:80 - create IPUIPlugin
2024-03-27 17:26:03,456 [INFO] PluginManager:220 - loadIPPluginJar : add freertos
2024-03-27 17:26:03,460 [INFO] IPUIPlugin:80 - create IPUIPlugin
2024-03-27 17:26:03,460 [INFO] PluginManager:220 - loadIPPluginJar : add genericplugin
2024-03-27 17:26:03,468 [INFO] IPUIPlugin:80 - create IPUIPlugin
2024-03-27 17:26:03,468 [INFO] PluginManager:220 - loadIPPluginJar : add gfxmmu
2024-03-27 17:26:03,481 [INFO] IPUIPlugin:80 - create IPUIPlugin
2024-03-27 17:26:03,481 [INFO] PluginManager:220 - loadIPPluginJar : add gic
2024-03-27 17:26:03,489 [INFO] IPUIPlugin:80 - create IPUIPlugin
2024-03-27 17:26:03,489 [INFO] PluginManager:220 - loadIPPluginJar : add gpio
2024-03-27 17:26:03,494 [INFO] IPUIPlugin:80 - create IPUIPlugin
2024-03-27 17:26:03,495 [INFO] PluginManager:220 - loadIPPluginJar : add gtzc
2024-03-27 17:26:03,500 [INFO] IPUIPlugin:80 - create IPUIPlugin
2024-03-27 17:26:03,500 [INFO] PluginManager:220 - loadIPPluginJar : add hash
2024-03-27 17:26:03,504 [INFO] IPUIPlugin:80 - create IPUIPlugin
2024-03-27 17:26:03,504 [INFO] PluginManager:220 - loadIPPluginJar : add i2c
2024-03-27 17:26:03,509 [INFO] IPUIPlugin:80 - create IPUIPlugin
2024-03-27 17:26:03,509 [INFO] PluginManager:220 - loadIPPluginJar : add i2s
2024-03-27 17:26:03,514 [INFO] IPUIPlugin:80 - create IPUIPlugin
2024-03-27 17:26:03,514 [INFO] PluginManager:220 - loadIPPluginJar : add i3c
2024-03-27 17:26:03,521 [INFO] IPUIPlugin:80 - create IPUIPlugin
2024-03-27 17:26:03,521 [INFO] PluginManager:220 - loadIPPluginJar : add ipddr
2024-03-27 17:26:03,534 [INFO] IPUIPlugin:80 - create IPUIPlugin
2024-03-27 17:26:03,534 [INFO] PluginManager:220 - loadIPPluginJar : add linkedlist
2024-03-27 17:26:03,539 [INFO] IPUIPlugin:80 - create IPUIPlugin
2024-03-27 17:26:03,539 [INFO] PluginManager:220 - loadIPPluginJar : add lorawan
2024-03-27 17:26:03,543 [INFO] IPUIPlugin:80 - create IPUIPlugin
2024-03-27 17:26:03,543 [INFO] PluginManager:220 - loadIPPluginJar : add ltdc
2024-03-27 17:26:03,558 [INFO] IPUIPlugin:80 - create IPUIPlugin
2024-03-27 17:26:03,558 [INFO] PluginManager:220 - loadIPPluginJar : add mdma
2024-03-27 17:26:03,565 [INFO] IPUIPlugin:80 - create IPUIPlugin
2024-03-27 17:26:03,565 [INFO] PluginManager:220 - loadIPPluginJar : add nvic
2024-03-27 17:26:03,571 [INFO] IPUIPlugin:80 - create IPUIPlugin
2024-03-27 17:26:03,571 [INFO] PluginManager:220 - loadIPPluginJar : add opamp
2024-03-27 17:26:03,578 [INFO] IPUIPlugin:80 - create IPUIPlugin
2024-03-27 17:26:03,579 [INFO] PluginManager:220 - loadIPPluginJar : add openamp
2024-03-27 17:26:03,585 [INFO] IPUIPlugin:80 - create IPUIPlugin
2024-03-27 17:26:03,585 [INFO] PluginManager:220 - loadIPPluginJar : add pdm2pcm
2024-03-27 17:26:03,595 [INFO] IPUIPlugin:80 - create IPUIPlugin
2024-03-27 17:26:03,600 [INFO] PluginManager:220 - loadIPPluginJar : add plateformsettings
2024-03-27 17:26:03,603 [INFO] IPUIPlugin:80 - create IPUIPlugin
2024-03-27 17:26:03,604 [INFO] PluginManager:220 - loadIPPluginJar : add quadspi
2024-03-27 17:26:03,611 [INFO] IPUIPlugin:80 - create IPUIPlugin
2024-03-27 17:26:03,611 [INFO] PluginManager:220 - loadIPPluginJar : add resmgrutility
2024-03-27 17:26:03,617 [INFO] IPUIPlugin:80 - create IPUIPlugin
2024-03-27 17:26:03,619 [INFO] PluginManager:220 - loadIPPluginJar : add sai
2024-03-27 17:26:03,623 [INFO] IPUIPlugin:80 - create IPUIPlugin
2024-03-27 17:26:03,623 [INFO] PluginManager:220 - loadIPPluginJar : add spi
2024-03-27 17:26:03,632 [INFO] IPUIPlugin:80 - create IPUIPlugin
2024-03-27 17:26:03,633 [INFO] PluginManager:220 - loadIPPluginJar : add stm32_wpan
2024-03-27 17:26:03,636 [INFO] IPUIPlugin:80 - create IPUIPlugin
2024-03-27 17:26:03,636 [INFO] PluginManager:220 - loadIPPluginJar : add tim
2024-03-27 17:26:03,643 [INFO] IPUIPlugin:80 - create IPUIPlugin
2024-03-27 17:26:03,644 [INFO] PluginManager:220 - loadIPPluginJar : add touchsensing
2024-03-27 17:26:03,646 [INFO] IPUIPlugin:80 - create IPUIPlugin
2024-03-27 17:26:03,647 [INFO] PluginManager:220 - loadIPPluginJar : add tracer_emb
2024-03-27 17:26:03,650 [INFO] IPUIPlugin:80 - create IPUIPlugin
2024-03-27 17:26:03,650 [INFO] PluginManager:220 - loadIPPluginJar : add ts
2024-03-27 17:26:03,654 [INFO] IPUIPlugin:80 - create IPUIPlugin
2024-03-27 17:26:03,654 [INFO] PluginManager:220 - loadIPPluginJar : add tsc
2024-03-27 17:26:03,660 [INFO] IPUIPlugin:80 - create IPUIPlugin
2024-03-27 17:26:03,660 [INFO] PluginManager:220 - loadIPPluginJar : add ucpd
2024-03-27 17:26:03,669 [INFO] IPUIPlugin:80 - create IPUIPlugin
2024-03-27 17:26:03,670 [INFO] PluginManager:220 - loadIPPluginJar : add usart
2024-03-27 17:26:03,677 [INFO] IPUIPlugin:80 - create IPUIPlugin
2024-03-27 17:26:03,678 [INFO] PluginManager:220 - loadIPPluginJar : add usbx
2024-03-27 17:26:03,897 [INFO] CADModel:165 - CPN selected for project level
2024-03-27 17:26:03,897 [INFO] CADModel:114 - Register for checkConnection events
2024-03-27 17:26:03,897 [FATAL] Updater:308 - Updater called before beeing initialized
2024-03-27 17:26:03,898 [ERROR] CADModel:125 - Updater not yet initialized, retry later 
2024-03-27 17:26:04,173 [INFO] CADModel:165 - CPN selected for project level
2024-03-27 17:26:04,173 [INFO] CADModel:114 - Register for checkConnection events
2024-03-27 17:26:04,173 [FATAL] Updater:308 - Updater called before beeing initialized
2024-03-27 17:26:04,173 [ERROR] CADModel:125 - Updater not yet initialized, retry later 
2024-03-27 17:26:04,177 [FATAL] Updater:308 - Updater called before beeing initialized
2024-03-27 17:26:04,325 [FATAL] Updater:308 - Updater called before beeing initialized
2024-03-27 17:26:04,330 [INFO] DbMcusAds:53 - JSON generation date=Wed Nov 29 10:52:27 GMT 2023 (1701255147349)
2024-03-27 17:26:04,331 [FATAL] Updater:308 - Updater called before beeing initialized
2024-03-27 17:26:04,392 [WARN] DetailPanel:346 - Failed to get advertising image, set to default
2024-03-27 17:26:04,553 [FATAL] Updater:308 - Updater called before beeing initialized
2024-03-27 17:26:04,556 [FATAL] Updater:308 - Updater called before beeing initialized
2024-03-27 17:26:04,558 [FATAL] Updater:308 - Updater called before beeing initialized
2024-03-27 17:26:04,558 [WARN] DetailPanel:346 - Failed to get advertising image, set to default
2024-03-27 17:26:04,559 [FATAL] Updater:308 - Updater called before beeing initialized
2024-03-27 17:26:04,670 [ERROR] Updater:1120 - MainUpdater not yet initialized. External WinMGr cannot be set.
2024-03-27 17:26:04,674 [INFO] Updater:1056 - Updater Version found : 6.11.0
2024-03-27 17:26:04,719 [INFO] ApplicationProperties:184 - Using Application install path: C:\ST\STM32CubeIDE_1.15.0\STM32CubeIDE\plugins\com.st.stm32cube.common.mx_6.11.0.202403141607
2024-03-27 17:26:05,395 [INFO] ThirdPartyUpdaterWithRetryManager:70 - Updater plugin not ready yet. [2/15]
2024-03-27 17:26:06,327 [ERROR] LogOutputStream:75 - [STDERR_REDIRECT] Mar 27, 2024 5:26:06 PM java.util.prefs.WindowsPreferences <init>
2024-03-27 17:26:06,336 [ERROR] LogOutputStream:75 - [STDERR_REDIRECT] WARNING: Could not open/create prefs root node Software\JavaSoft\Prefs at root 0xffffffff80000002. Windows RegCreateKeyEx(...) returned error code 5.
2024-03-27 17:26:06,336 [ERROR] LogOutputStream:75 - [STDERR_REDIRECT] 
2024-03-27 17:26:06,836 [INFO] MainUpdater:2873 - connection check result : 10
2024-03-27 17:26:06,838 [INFO] MainUpdater:290 - Updater Check For Update Now.
2024-03-27 17:26:06,838 [INFO] MicroXplorer:498 - Change Database Version : DB.6.0.110
2024-03-27 17:26:06,853 [INFO] McuFinderGlobals:63 - Set McuFinder mode to 2 (CubeIDE integrated)
2024-03-27 17:26:06,853 [INFO] UserAuth:179 - activating auth plugin
2024-03-27 17:26:06,866 [INFO] UserAuth:415 - Internet connection configuration mode: 1
2024-03-27 17:26:06,915 [INFO] JxBrowserEngine:152 - Initiate JxBrowser Engine with user profile folder
2024-03-27 17:26:07,132 [INFO] CheckServerUpdateThread:120 - End of CheckServer Thread
2024-03-27 17:26:08,024 [INFO] WebApp:161 - Instantiating new browser for Auth
2024-03-27 17:26:08,811 [WARN] PackLoader:240 - Cannot read IP mode file for STMicroelectronics.X-CUBE-SMBUS.2.1.0
2024-03-27 17:26:08,824 [WARN] PackLoader:240 - Cannot read IP mode file for STMicroelectronics.X-CUBE-TOUCHGFX.4.23.0
2024-03-27 17:26:08,889 [WARN] PackLoader:240 - Cannot read IP mode file for STMicroelectronics.X-CUBE-AZRTOS-F7.1.1.0
2024-03-27 17:26:08,910 [WARN] PackLoader:240 - Cannot read IP mode file for STMicroelectronics.FP-SNS-MOTENV1.4.3.2
2024-03-27 17:26:08,922 [WARN] PackLoader:240 - Cannot read IP mode file for STMicroelectronics.FP-SNS-FLIGHT1.5.0.2
2024-03-27 17:26:08,938 [WARN] PackLoader:240 - Cannot read IP mode file for STMicroelectronics.X-CUBE-DISPLAY.3.0.0
2024-03-27 17:26:08,963 [WARN] PackLoader:240 - Cannot read IP mode file for STMicroelectronics.X-CUBE-BLE1.7.0.0
2024-03-27 17:26:08,972 [WARN] PackLoader:240 - Cannot read IP mode file for emotas.I-CUBE-CANOPEN.1.3.0
2024-03-27 17:26:08,999 [WARN] PackLoader:240 - Cannot read IP mode file for STMicroelectronics.X-CUBE-BLEMGR.3.1.0
2024-03-27 17:26:09,015 [WARN] PackLoader:240 - Cannot read IP mode file for STMicroelectronics.FP-SNS-SMARTAG2.1.2.0
2024-03-27 17:26:09,040 [INFO] LogOutputStream:77 - [STDOUT_REDIRECT] 1 : Invalid condition id : UX_CORESTACK_Condition cause : null
2024-03-27 17:26:09,041 [INFO] LogOutputStream:77 - [STDOUT_REDIRECT] 1 : Invalid condition id : UX_CORESTACK_Condition cause : null
2024-03-27 17:26:09,043 [INFO] LogOutputStream:77 - [STDOUT_REDIRECT] 1 : Invalid condition id : UX_CORESTACK_Condition cause : null
2024-03-27 17:26:09,045 [INFO] LogOutputStream:77 - [STDOUT_REDIRECT] 1 : Invalid condition id : UX_CORESTACK_Condition cause : null
2024-03-27 17:26:09,047 [INFO] LogOutputStream:77 - [STDOUT_REDIRECT] 1 : Invalid condition id : UX_CORESTACK_Condition cause : null
2024-03-27 17:26:09,059 [WARN] PackLoader:240 - Cannot read IP mode file for STMicroelectronics.X-CUBE-AZRTOS-WL.2.0.0
2024-03-27 17:26:09,079 [WARN] PackLoader:240 - Cannot read IP mode file for WES.I-CUBE-Cesium.1.3.0
2024-03-27 17:26:09,087 [WARN] PackLoader:240 - Cannot read IP mode file for STMicroelectronics.X-CUBE-BLE2.3.3.0
2024-03-27 17:26:09,101 [WARN] PackLoader:240 - Cannot read IP mode file for STMicroelectronics.X-CUBE-ALGOBUILD.1.3.0
2024-03-27 17:26:09,105 [INFO] WebApp:779 - Register for checkConnection events
2024-03-27 17:26:09,105 [INFO] WebApp:414 - Apply proxy settings
2024-03-27 17:26:09,105 [INFO] WebApp:499 - Chromium requires no authentication
2024-03-27 17:26:09,117 [INFO] WebApp:442 - Direct internet connection detected
2024-03-27 17:26:09,137 [WARN] PackLoader:240 - Cannot read IP mode file for STMicroelectronics.X-CUBE-AZRTOS-G0.1.1.0
2024-03-27 17:26:09,154 [WARN] PackLoader:240 - Cannot read IP mode file for STMicroelectronics.X-CUBE-NFC4.3.0.0
2024-03-27 17:26:09,161 [WARN] PackLoader:240 - Cannot read IP mode file for STMicroelectronics.FP-ATR-SIGFOX1.3.2.0
2024-03-27 17:26:09,170 [WARN] PackLoader:240 - Cannot read IP mode file for STMicroelectronics.X-CUBE-EEPRMA1.5.1.0
2024-03-27 17:26:09,218 [WARN] PackLoader:240 - Cannot read IP mode file for SEGGER.I-CUBE-embOS.1.3.1
2024-03-27 17:26:09,291 [WARN] PackLoader:240 - Cannot read IP mode file for STMicroelectronics.X-CUBE-GNSS1.6.0.0
2024-03-27 17:26:09,332 [WARN] PackLoader:240 - Cannot read IP mode file for STMicroelectronics.X-CUBE-AZRTOS-F4.1.1.0
2024-03-27 17:26:09,360 [WARN] PackLoader:240 - Cannot read IP mode file for wolfSSL.I-CUBE-wolfSSL.5.6.6
2024-03-27 17:26:09,391 [WARN] PackLoader:240 - Cannot read IP mode file for STMicroelectronics.X-CUBE-AZRTOS-L5.2.0.0
2024-03-27 17:26:09,410 [WARN] PackLoader:240 - Cannot read IP mode file for STMicroelectronics.X-CUBE-NFC6.3.1.0
2024-03-27 17:26:09,447 [WARN] PackLoader:240 - Cannot read IP mode file for ITTIA_DB.I-CUBE-ITTIADB.8.8.0
2024-03-27 17:26:09,456 [WARN] PackLoader:240 - Cannot read IP mode file for STMicroelectronics.X-CUBE-NFC7.1.0.1
2024-03-27 17:26:09,464 [WARN] PackLoader:240 - Cannot read IP mode file for STMicroelectronics.X-CUBE-AI.8.1.0
2024-03-27 17:26:09,511 [WARN] ConditionMgr:438 - getConditionDescription Invalid condition id : LAN8742 Phy interface Condition cause : null
2024-03-27 17:26:09,512 [WARN] PackLoader:240 - Cannot read IP mode file for STMicroelectronics.X-CUBE-AZRTOS-L4.2.0.0
2024-03-27 17:26:09,515 [WARN] ConditionMgr:1039 - genDependencies : Invalid condition id : LAN8742 Phy interface Condition cause : null
2024-03-27 17:26:09,515 [WARN] ConditionMgr:1039 - genDependencies : Invalid condition id : LAN8742 Phy interface Condition cause : null
2024-03-27 17:26:09,516 [WARN] ConditionMgr:1039 - genDependencies : Invalid condition id : LAN8742 Phy interface Condition cause : null
2024-03-27 17:26:09,529 [WARN] PackLoader:240 - Cannot read IP mode file for STMicroelectronics.X-CUBE-SFXS2LP1.4.0.0
2024-03-27 17:26:09,553 [WARN] ConditionMgr:438 - getConditionDescription Invalid condition id : UX DEVICE CLASS RTOS Condition cause : null
2024-03-27 17:26:09,554 [WARN] ConditionMgr:438 - getConditionDescription Invalid condition id : UX DEVICE CLASS RTOS Condition cause : null
2024-03-27 17:26:09,557 [WARN] PackLoader:240 - Cannot read IP mode file for STMicroelectronics.X-CUBE-AZRTOS-WB.2.0.0
2024-03-27 17:26:09,558 [WARN] ConditionMgr:1039 - genDependencies : Invalid condition id : UX DEVICE CLASS RTOS Condition cause : null
2024-03-27 17:26:09,559 [WARN] ConditionMgr:1039 - genDependencies : Invalid condition id : UX DEVICE CLASS RTOS Condition cause : null
2024-03-27 17:26:09,559 [WARN] ConditionMgr:1039 - genDependencies : Invalid condition id : UX DEVICE CLASS RTOS Condition cause : null
2024-03-27 17:26:09,560 [WARN] ConditionMgr:1039 - genDependencies : Invalid condition id : UX DEVICE CLASS RTOS Condition cause : null
2024-03-27 17:26:09,560 [WARN] ConditionMgr:1039 - genDependencies : Invalid condition id : UX DEVICE CLASS RTOS Condition cause : null
2024-03-27 17:26:09,577 [WARN] PackLoader:240 - Cannot read IP mode file for STMicroelectronics.X-CUBE-SUBG2.5.0.0
2024-03-27 17:26:09,583 [INFO] WebApp:192 - Starting web application
2024-03-27 17:26:09,583 [INFO] WebApp:544 - Web application path used C:\ST\STM32CubeIDE_1.15.0\STM32CubeIDE\plugins\com.st.stm32cube.common.mx_6.11.0.202403141607\db\plugins\mcufinder\reactClient1\index.html
2024-03-27 17:26:09,614 [WARN] PackLoader:240 - Cannot read IP mode file for STMicroelectronics.X-CUBE-AZRTOS-G4.2.0.0
2024-03-27 17:26:09,643 [WARN] PackLoader:240 - Cannot read IP mode file for Infineon.AIROC-Wi-Fi-Bluetooth-STM32.1.5.1
2024-03-27 17:26:09,654 [WARN] PackLoader:240 - Cannot read IP mode file for STMicroelectronics.FP-SNS-MOTENVWB1.1.3.1
2024-03-27 17:26:09,664 [WARN] PackLoader:240 - Cannot read IP mode file for STMicroelectronics.X-CUBE-ISPU.2.0.0
2024-03-27 17:26:09,731 [WARN] PackLoader:240 - Cannot read IP mode file for STMicroelectronics.X-CUBE-MEMS1.10.0.0
2024-03-27 17:26:10,066 [WARN] PackLoader:240 - Cannot read IP mode file for STMicroelectronics.X-CUBE-FREERTOS.1.1.0
2024-03-27 17:26:10,074 [WARN] PackLoader:240 - Cannot read IP mode file for portGmbH.I-Cube-SoM-uGOAL.1.1.0
2024-03-27 17:26:10,081 [WARN] PackLoader:240 - Cannot read IP mode file for STMicroelectronics.X-CUBE-ALS.1.0.1
2024-03-27 17:26:10,088 [WARN] PackLoader:240 - Cannot read IP mode file for STMicroelectronics.FP-ATR-ASTRA1.2.0.0
2024-03-27 17:26:10,105 [WARN] PackLoader:240 - Cannot read IP mode file for STMicroelectronics.X-CUBE-TOF1.3.4.1
2024-03-27 17:26:10,160 [WARN] PackLoader:240 - Cannot read IP mode file for STMicroelectronics.X-CUBE-AZRTOS-H7.3.2.0
2024-03-27 17:26:10,165 [INFO] ThirdParty:978 - Integrity check success = true
2024-03-27 17:26:10,165 [INFO] IntegrityCheckThread:100 - exiting critical section [integrity check]
2024-03-27 17:26:10,166 [INFO] IntegrityCheckThread:103 - End integrity checks thread
2024-03-27 17:31:11,966 [INFO] Activator:176 - 


2024-03-27 17:31:11,968 [INFO] Activator:177 - !SESSION log4j initialized
2024-03-27 17:31:16,380 [INFO] LogOutputStream:77 - [STDOUT_REDIRECT] 
2024-03-27 17:31:19,090 [INFO] ApplicationProperties:184 - Using Application install path: C:\ST\STM32CubeIDE_1.15.0\STM32CubeIDE\plugins\com.st.stm32cube.common.mx_6.11.0.202403141607
2024-03-27 17:31:19,123 [INFO] DbMcusXml:78 - Set database path to: C:\ST\STM32CubeIDE_1.15.0\STM32CubeIDE\plugins\com.st.stm32cube.common.mx_6.11.0.202403141607\\db\/mcu/
2024-03-27 17:31:19,123 [INFO] ApiDb:274 - Set plugin database path to: C:\ST\STM32CubeIDE_1.15.0\STM32CubeIDE\plugins\com.st.stm32cube.common.mx_6.11.0.202403141607\\db\/plugins/boardmanager/
2024-03-27 17:31:19,123 [WARN] ApiDb:259 - Overriding images path with different value:  => C:\ST\STM32CubeIDE_1.15.0\STM32CubeIDE\plugins\com.st.stm32cube.common.mx_6.11.0.202403141607\\db\/plugins/mcufinder/images/
2024-03-27 17:31:19,131 [INFO] ApiDb:250 - Set database path to: C:\Users\abdel\.stmcufinder\plugins\mcufinder//mcu/
2024-03-27 17:31:19,131 [INFO] DbMcusAds:125 - Set database path to: C:\Users\abdel\.stmcufinder\plugins\mcufinder//mcu/
2024-03-27 17:31:19,131 [INFO] CrossReferenceDbSqlite:203 - Set database path to: C:\Users\abdel\.stmcufinder\plugins\mcufinder//mcu/cs/
2024-03-27 17:31:19,317 [INFO] RulesReader:64 - Compatibility file has been processed (297 Rules)
2024-03-27 17:31:19,416 [INFO] DbMcusXml:78 - Set database path to: C:\ST\STM32CubeIDE_1.15.0\STM32CubeIDE\plugins\com.st.stm32cube.common.mx_6.11.0.202403141607\\db\/mcu/
2024-03-27 17:31:19,416 [INFO] ApiDb:274 - Set plugin database path to: C:\ST\STM32CubeIDE_1.15.0\STM32CubeIDE\plugins\com.st.stm32cube.common.mx_6.11.0.202403141607\\db\/plugins/boardmanager/
2024-03-27 17:31:19,416 [INFO] ApiDb:261 - Set plugin images path to: C:\ST\STM32CubeIDE_1.15.0\STM32CubeIDE\plugins\com.st.stm32cube.common.mx_6.11.0.202403141607\\db\/plugins/mcufinder/images/
2024-03-27 17:31:19,416 [WARN] DbFile:41 - Overriding database path with different value: C:\Users\abdel\.stmcufinder\plugins\mcufinder/ => C:\Users\abdel\.stmcufinder\plugins\mcufinder
2024-03-27 17:31:19,416 [INFO] ApiDb:250 - Set database path to: C:\Users\abdel\.stmcufinder\plugins\mcufinder//mcu/
2024-03-27 17:31:19,416 [WARN] DbFile:41 - Overriding database path with different value: C:\Users\abdel\.stmcufinder\plugins\mcufinder/ => C:\Users\abdel\.stmcufinder\plugins\mcufinder
2024-03-27 17:31:19,416 [INFO] DbMcusAds:125 - Set database path to: C:\Users\abdel\.stmcufinder\plugins\mcufinder//mcu/
2024-03-27 17:31:19,416 [WARN] DbFile:41 - Overriding database path with different value: C:\Users\abdel\.stmcufinder\plugins\mcufinder/ => C:\Users\abdel\.stmcufinder\plugins\mcufinder
2024-03-27 17:31:19,416 [WARN] DbFile:41 - Overriding database path with different value: C:\Users\abdel\.stmcufinder\plugins\mcufinder/ => C:\Users\abdel\.stmcufinder\plugins\mcufinder
2024-03-27 17:31:19,416 [INFO] CrossReferenceDbSqlite:203 - Set database path to: C:\Users\abdel\.stmcufinder\plugins\mcufinder//mcu/cs/
2024-03-27 17:31:19,520 [INFO] MainPanel:264 - HeapMemory: 268435456
2024-03-27 17:31:19,651 [INFO] DbMcusXml:78 - Set database path to: C:\ST\STM32CubeIDE_1.15.0\STM32CubeIDE\plugins\com.st.stm32cube.common.mx_6.11.0.202403141607\\db\/mcu/
2024-03-27 17:31:19,651 [INFO] ApiDb:274 - Set plugin database path to: C:\ST\STM32CubeIDE_1.15.0\STM32CubeIDE\plugins\com.st.stm32cube.common.mx_6.11.0.202403141607\\db\/plugins/boardmanager/
2024-03-27 17:31:19,651 [INFO] ApiDb:261 - Set plugin images path to: C:\ST\STM32CubeIDE_1.15.0\STM32CubeIDE\plugins\com.st.stm32cube.common.mx_6.11.0.202403141607\\db\/plugins/mcufinder/images/
2024-03-27 17:31:19,651 [WARN] DbFile:41 - Overriding database path with different value: C:\Users\abdel\.stmcufinder\plugins\mcufinder/ => C:\Users\abdel\.stmcufinder\plugins\mcufinder
2024-03-27 17:31:19,651 [INFO] ApiDb:250 - Set database path to: C:\Users\abdel\.stmcufinder\plugins\mcufinder//mcu/
2024-03-27 17:31:19,651 [WARN] DbFile:41 - Overriding database path with different value: C:\Users\abdel\.stmcufinder\plugins\mcufinder/ => C:\Users\abdel\.stmcufinder\plugins\mcufinder
2024-03-27 17:31:19,651 [INFO] DbMcusAds:125 - Set database path to: C:\Users\abdel\.stmcufinder\plugins\mcufinder//mcu/
2024-03-27 17:31:19,651 [WARN] DbFile:41 - Overriding database path with different value: C:\Users\abdel\.stmcufinder\plugins\mcufinder/ => C:\Users\abdel\.stmcufinder\plugins\mcufinder
2024-03-27 17:31:19,654 [WARN] DbFile:41 - Overriding database path with different value: C:\Users\abdel\.stmcufinder\plugins\mcufinder/ => C:\Users\abdel\.stmcufinder\plugins\mcufinder
2024-03-27 17:31:19,654 [INFO] CrossReferenceDbSqlite:203 - Set database path to: C:\Users\abdel\.stmcufinder\plugins\mcufinder//mcu/cs/
2024-03-27 17:31:19,683 [INFO] ApplicationProperties:184 - Using Application install path: C:\ST\STM32CubeIDE_1.15.0\STM32CubeIDE\plugins\com.st.stm32cube.common.mx_6.11.0.202403141607
2024-03-27 17:31:19,683 [INFO] PluginManage:196 - Search for loadable plugins [exclusion list=, ]
2024-03-27 17:31:19,691 [INFO] PluginManage:310 - Check plugin analytics
2024-03-27 17:31:19,925 [INFO] AnalyticsPlugin:253 - Accepted Software Licenses: 
2024-03-27 17:31:19,925 [INFO] AnalyticsPlugin:255 - Accepted CMSIS Pack Licenses: 
2024-03-27 17:31:19,925 [INFO] AnalyticsPlugin:257 - Accepted Firmware Licenses: 
2024-03-27 17:31:19,929 [INFO] PluginManage:359 - Loaded plugin analytics (category:tool,tabindex:-1)
2024-03-27 17:31:19,930 [INFO] PluginManage:310 - Check plugin cadmodel
2024-03-27 17:31:19,930 [INFO] CADModel:105 - Init CAD model plugin
2024-03-27 17:31:19,930 [INFO] PluginManage:359 - Loaded plugin cadmodel (category:power,tabindex:5)
2024-03-27 17:31:19,930 [INFO] PluginManage:310 - Check plugin clock
2024-03-27 17:31:19,948 [INFO] PluginManage:359 - Loaded plugin clock (category:base,tabindex:2)
2024-03-27 17:31:19,948 [INFO] PluginManage:310 - Check plugin ddr
2024-03-27 17:31:19,952 [INFO] PluginManage:359 - Loaded plugin ddr (category:tool,tabindex:6)
2024-03-27 17:31:19,952 [INFO] PluginManage:310 - Check plugin filemanager
2024-03-27 17:31:20,133 [INFO] PluginManage:359 - Loaded plugin filemanager (category:base,tabindex:10)
2024-03-27 17:31:20,133 [INFO] PluginManage:310 - Check plugin ipmanager
2024-03-27 17:31:20,142 [INFO] PluginManage:359 - Loaded plugin ipmanager (category:base,tabindex:5)
2024-03-27 17:31:20,142 [INFO] PluginManage:310 - Check plugin lpbam
2024-03-27 17:31:20,157 [INFO] PluginManage:359 - Loaded plugin lpbam (category:base,tabindex:0)
2024-03-27 17:31:20,157 [INFO] PluginManage:310 - Check plugin memorymap
2024-03-27 17:31:20,173 [INFO] PluginManage:359 - Loaded plugin memorymap (category:base,tabindex:4)
2024-03-27 17:31:20,173 [INFO] PluginManage:310 - Check plugin pinoutandconfiguration
2024-03-27 17:31:20,184 [INFO] PluginManage:359 - Loaded plugin pinoutandconfiguration (category:base,tabindex:1)
2024-03-27 17:31:20,186 [INFO] PluginManage:310 - Check plugin pinoutconfig
2024-03-27 17:31:20,302 [WARN] SupportedApi:132 - Cannot load RTOS API schema: s4s-elt-must-match.1: The content of 'definitions' must match (annotation?, (simpleType | complexType)?, (unique | key | keyref)*)). A problem was found starting at: attribute.
2024-03-27 17:31:20,566 [INFO] PluginManage:359 - Loaded plugin pinoutconfig (category:base,tabindex:0)
2024-03-27 17:31:20,577 [INFO] PluginManage:310 - Check plugin power
2024-03-27 17:31:20,587 [INFO] PluginManage:359 - Loaded plugin power (category:power,tabindex:4)
2024-03-27 17:31:20,587 [INFO] PluginManage:310 - Check plugin projectmanager
2024-03-27 17:31:20,614 [INFO] PluginManage:359 - Loaded plugin projectmanager (category:projectmanager,tabindex:3)
2024-03-27 17:31:20,614 [INFO] PluginManage:310 - Check plugin thirdparty
2024-03-27 17:31:20,767 [INFO] PluginManage:359 - Loaded plugin thirdparty (category:base,tabindex:-1)
2024-03-27 17:31:20,767 [WARN] IntegrityCheckThread:84 - waiting for thirdparty lock release [integrity check]
2024-03-27 17:31:20,767 [INFO] PluginManage:310 - Check plugin tools
2024-03-27 17:31:20,767 [INFO] IntegrityCheckThread:86 - entering critical section [integrity check]
2024-03-27 17:31:20,767 [INFO] ThirdPartyUpdaterWithRetryManager:70 - Updater plugin not ready yet. [1/15]
2024-03-27 17:31:20,776 [INFO] PluginManage:359 - Loaded plugin tools (category:base,tabindex:7)
2024-03-27 17:31:20,776 [INFO] PluginManage:310 - Check plugin tutovideos
2024-03-27 17:31:21,017 [INFO] PluginManage:359 - Loaded plugin tutovideos (category:base,tabindex:-1)
2024-03-27 17:31:21,017 [INFO] PluginManage:310 - Check plugin updater
2024-03-27 17:31:21,030 [INFO] PluginManage:359 - Loaded plugin updater (category:base,tabindex:12)
2024-03-27 17:31:21,030 [INFO] PluginManage:310 - Check plugin userauth
2024-03-27 17:31:21,040 [INFO] UserAuth:114 - Init User Auth plugin
2024-03-27 17:31:21,040 [INFO] PluginManage:359 - Loaded plugin userauth (category:base,tabindex:14)
2024-03-27 17:31:21,041 [INFO] PluginManage:283 - PluginManage : Loaded plugins [17]
2024-03-27 17:31:21,383 [INFO] PinOutPanel:1561 - setPackage(No Configuration,No Configuration)
2024-03-27 17:31:21,474 [INFO] CADModel:165 - CPN selected for project level
2024-03-27 17:31:21,474 [INFO] CADModel:114 - Register for checkConnection events
2024-03-27 17:31:21,494 [INFO] IPUIPlugin:80 - create IPUIPlugin
2024-03-27 17:31:21,494 [INFO] PluginManager:220 - loadIPPluginJar : add adc
2024-03-27 17:31:21,496 [INFO] IPUIPlugin:80 - create IPUIPlugin
2024-03-27 17:31:21,496 [INFO] PluginManager:220 - loadIPPluginJar : add aes
2024-03-27 17:31:21,500 [INFO] IPUIPlugin:80 - create IPUIPlugin
2024-03-27 17:31:21,500 [INFO] PluginManager:220 - loadIPPluginJar : add can
2024-03-27 17:31:21,502 [INFO] IPUIPlugin:80 - create IPUIPlugin
2024-03-27 17:31:21,502 [INFO] PluginManager:220 - loadIPPluginJar : add comp
2024-03-27 17:31:21,505 [INFO] IPUIPlugin:80 - create IPUIPlugin
2024-03-27 17:31:21,505 [INFO] PluginManager:220 - loadIPPluginJar : add cryp
2024-03-27 17:31:21,505 [INFO] IPUIPlugin:80 - create IPUIPlugin
2024-03-27 17:31:21,505 [INFO] PluginManager:220 - loadIPPluginJar : add dfsdm
2024-03-27 17:31:21,517 [INFO] IPUIPlugin:80 - create IPUIPlugin
2024-03-27 17:31:21,517 [INFO] PluginManager:220 - loadIPPluginJar : add dma
2024-03-27 17:31:21,521 [INFO] IPUIPlugin:80 - create IPUIPlugin
2024-03-27 17:31:21,521 [INFO] PluginManager:220 - loadIPPluginJar : add dma3
2024-03-27 17:31:21,525 [INFO] IPUIPlugin:80 - create IPUIPlugin
2024-03-27 17:31:21,525 [INFO] PluginManager:220 - loadIPPluginJar : add extmemmanager
2024-03-27 17:31:21,525 [INFO] IPUIPlugin:80 - create IPUIPlugin
2024-03-27 17:31:21,525 [INFO] PluginManager:220 - loadIPPluginJar : add fatfs
2024-03-27 17:31:21,525 [INFO] IPUIPlugin:80 - create IPUIPlugin
2024-03-27 17:31:21,525 [INFO] PluginManager:220 - loadIPPluginJar : add fmc
2024-03-27 17:31:21,535 [INFO] IPUIPlugin:80 - create IPUIPlugin
2024-03-27 17:31:21,535 [INFO] PluginManager:220 - loadIPPluginJar : add freertos
2024-03-27 17:31:21,535 [INFO] IPUIPlugin:80 - create IPUIPlugin
2024-03-27 17:31:21,535 [INFO] PluginManager:220 - loadIPPluginJar : add genericplugin
2024-03-27 17:31:21,543 [INFO] IPUIPlugin:80 - create IPUIPlugin
2024-03-27 17:31:21,543 [INFO] PluginManager:220 - loadIPPluginJar : add gfxmmu
2024-03-27 17:31:21,548 [INFO] IPUIPlugin:80 - create IPUIPlugin
2024-03-27 17:31:21,548 [INFO] PluginManager:220 - loadIPPluginJar : add gic
2024-03-27 17:31:21,555 [INFO] IPUIPlugin:80 - create IPUIPlugin
2024-03-27 17:31:21,555 [INFO] PluginManager:220 - loadIPPluginJar : add gpio
2024-03-27 17:31:21,559 [INFO] IPUIPlugin:80 - create IPUIPlugin
2024-03-27 17:31:21,559 [INFO] PluginManager:220 - loadIPPluginJar : add gtzc
2024-03-27 17:31:21,559 [INFO] IPUIPlugin:80 - create IPUIPlugin
2024-03-27 17:31:21,559 [INFO] PluginManager:220 - loadIPPluginJar : add hash
2024-03-27 17:31:21,565 [INFO] IPUIPlugin:80 - create IPUIPlugin
2024-03-27 17:31:21,565 [INFO] PluginManager:220 - loadIPPluginJar : add i2c
2024-03-27 17:31:21,567 [INFO] IPUIPlugin:80 - create IPUIPlugin
2024-03-27 17:31:21,567 [INFO] PluginManager:220 - loadIPPluginJar : add i2s
2024-03-27 17:31:21,567 [INFO] IPUIPlugin:80 - create IPUIPlugin
2024-03-27 17:31:21,567 [INFO] PluginManager:220 - loadIPPluginJar : add i3c
2024-03-27 17:31:21,567 [INFO] IPUIPlugin:80 - create IPUIPlugin
2024-03-27 17:31:21,567 [INFO] PluginManager:220 - loadIPPluginJar : add ipddr
2024-03-27 17:31:21,580 [INFO] IPUIPlugin:80 - create IPUIPlugin
2024-03-27 17:31:21,580 [INFO] PluginManager:220 - loadIPPluginJar : add linkedlist
2024-03-27 17:31:21,586 [INFO] IPUIPlugin:80 - create IPUIPlugin
2024-03-27 17:31:21,586 [INFO] PluginManager:220 - loadIPPluginJar : add lorawan
2024-03-27 17:31:21,586 [INFO] IPUIPlugin:80 - create IPUIPlugin
2024-03-27 17:31:21,586 [INFO] PluginManager:220 - loadIPPluginJar : add ltdc
2024-03-27 17:31:21,597 [INFO] IPUIPlugin:80 - create IPUIPlugin
2024-03-27 17:31:21,600 [INFO] PluginManager:220 - loadIPPluginJar : add mdma
2024-03-27 17:31:21,600 [INFO] IPUIPlugin:80 - create IPUIPlugin
2024-03-27 17:31:21,600 [INFO] PluginManager:220 - loadIPPluginJar : add nvic
2024-03-27 17:31:21,607 [INFO] IPUIPlugin:80 - create IPUIPlugin
2024-03-27 17:31:21,607 [INFO] PluginManager:220 - loadIPPluginJar : add opamp
2024-03-27 17:31:21,611 [INFO] IPUIPlugin:80 - create IPUIPlugin
2024-03-27 17:31:21,611 [INFO] PluginManager:220 - loadIPPluginJar : add openamp
2024-03-27 17:31:21,611 [INFO] IPUIPlugin:80 - create IPUIPlugin
2024-03-27 17:31:21,611 [INFO] PluginManager:220 - loadIPPluginJar : add pdm2pcm
2024-03-27 17:31:21,617 [INFO] IPUIPlugin:80 - create IPUIPlugin
2024-03-27 17:31:21,617 [INFO] PluginManager:220 - loadIPPluginJar : add plateformsettings
2024-03-27 17:31:21,626 [INFO] IPUIPlugin:80 - create IPUIPlugin
2024-03-27 17:31:21,626 [INFO] PluginManager:220 - loadIPPluginJar : add quadspi
2024-03-27 17:31:21,626 [INFO] IPUIPlugin:80 - create IPUIPlugin
2024-03-27 17:31:21,626 [INFO] PluginManager:220 - loadIPPluginJar : add resmgrutility
2024-03-27 17:31:21,626 [INFO] IPUIPlugin:80 - create IPUIPlugin
2024-03-27 17:31:21,626 [INFO] PluginManager:220 - loadIPPluginJar : add sai
2024-03-27 17:31:21,636 [INFO] IPUIPlugin:80 - create IPUIPlugin
2024-03-27 17:31:21,636 [INFO] PluginManager:220 - loadIPPluginJar : add spi
2024-03-27 17:31:21,639 [INFO] IPUIPlugin:80 - create IPUIPlugin
2024-03-27 17:31:21,639 [INFO] PluginManager:220 - loadIPPluginJar : add stm32_wpan
2024-03-27 17:31:21,639 [INFO] IPUIPlugin:80 - create IPUIPlugin
2024-03-27 17:31:21,639 [INFO] PluginManager:220 - loadIPPluginJar : add tim
2024-03-27 17:31:21,646 [INFO] IPUIPlugin:80 - create IPUIPlugin
2024-03-27 17:31:21,647 [INFO] PluginManager:220 - loadIPPluginJar : add touchsensing
2024-03-27 17:31:21,648 [INFO] IPUIPlugin:80 - create IPUIPlugin
2024-03-27 17:31:21,648 [INFO] PluginManager:220 - loadIPPluginJar : add tracer_emb
2024-03-27 17:31:21,651 [INFO] IPUIPlugin:80 - create IPUIPlugin
2024-03-27 17:31:21,651 [INFO] PluginManager:220 - loadIPPluginJar : add ts
2024-03-27 17:31:21,651 [INFO] IPUIPlugin:80 - create IPUIPlugin
2024-03-27 17:31:21,651 [INFO] PluginManager:220 - loadIPPluginJar : add tsc
2024-03-27 17:31:21,651 [INFO] IPUIPlugin:80 - create IPUIPlugin
2024-03-27 17:31:21,651 [INFO] PluginManager:220 - loadIPPluginJar : add ucpd
2024-03-27 17:31:21,657 [INFO] IPUIPlugin:80 - create IPUIPlugin
2024-03-27 17:31:21,657 [INFO] PluginManager:220 - loadIPPluginJar : add usart
2024-03-27 17:31:21,657 [INFO] IPUIPlugin:80 - create IPUIPlugin
2024-03-27 17:31:21,657 [INFO] PluginManager:220 - loadIPPluginJar : add usbx
2024-03-27 17:31:21,823 [INFO] CADModel:165 - CPN selected for project level
2024-03-27 17:31:21,823 [INFO] CADModel:114 - Register for checkConnection events
2024-03-27 17:31:21,823 [FATAL] Updater:308 - Updater called before beeing initialized
2024-03-27 17:31:21,823 [ERROR] CADModel:125 - Updater not yet initialized, retry later 
2024-03-27 17:31:22,218 [INFO] CADModel:165 - CPN selected for project level
2024-03-27 17:31:22,218 [INFO] CADModel:114 - Register for checkConnection events
2024-03-27 17:31:22,220 [FATAL] Updater:308 - Updater called before beeing initialized
2024-03-27 17:31:22,220 [ERROR] CADModel:125 - Updater not yet initialized, retry later 
2024-03-27 17:31:22,228 [FATAL] Updater:308 - Updater called before beeing initialized
2024-03-27 17:31:22,501 [FATAL] Updater:308 - Updater called before beeing initialized
2024-03-27 17:31:22,511 [INFO] DbMcusAds:53 - JSON generation date=Wed Nov 29 10:52:27 GMT 2023 (1701255147349)
2024-03-27 17:31:22,511 [FATAL] Updater:308 - Updater called before beeing initialized
2024-03-27 17:31:22,562 [WARN] DetailPanel:346 - Failed to get advertising image, set to default
2024-03-27 17:31:22,731 [FATAL] Updater:308 - Updater called before beeing initialized
2024-03-27 17:31:22,733 [FATAL] Updater:308 - Updater called before beeing initialized
2024-03-27 17:31:22,733 [FATAL] Updater:308 - Updater called before beeing initialized
2024-03-27 17:31:22,733 [WARN] DetailPanel:346 - Failed to get advertising image, set to default
2024-03-27 17:31:22,733 [FATAL] Updater:308 - Updater called before beeing initialized
2024-03-27 17:31:22,816 [ERROR] Updater:1120 - MainUpdater not yet initialized. External WinMGr cannot be set.
2024-03-27 17:31:22,819 [INFO] Updater:1056 - Updater Version found : 6.11.0
2024-03-27 17:31:22,838 [INFO] ApplicationProperties:184 - Using Application install path: C:\ST\STM32CubeIDE_1.15.0\STM32CubeIDE\plugins\com.st.stm32cube.common.mx_6.11.0.202403141607
2024-03-27 17:31:23,777 [INFO] ThirdPartyUpdaterWithRetryManager:70 - Updater plugin not ready yet. [2/15]
2024-03-27 17:31:24,466 [ERROR] LogOutputStream:75 - [STDERR_REDIRECT] Mar 27, 2024 5:31:24 PM java.util.prefs.WindowsPreferences <init>
2024-03-27 17:31:24,475 [ERROR] LogOutputStream:75 - [STDERR_REDIRECT] WARNING: Could not open/create prefs root node Software\JavaSoft\Prefs at root 0xffffffff80000002. Windows RegCreateKeyEx(...) returned error code 5.
2024-03-27 17:31:24,475 [ERROR] LogOutputStream:75 - [STDERR_REDIRECT] 
2024-03-27 17:31:24,943 [INFO] MainUpdater:2873 - connection check result : 10
2024-03-27 17:31:24,943 [INFO] MainUpdater:290 - Updater Check For Update Now.
2024-03-27 17:31:24,943 [INFO] MicroXplorer:498 - Change Database Version : DB.6.0.110
2024-03-27 17:31:24,963 [INFO] McuFinderGlobals:63 - Set McuFinder mode to 2 (CubeIDE integrated)
2024-03-27 17:31:24,963 [INFO] UserAuth:179 - activating auth plugin
2024-03-27 17:31:24,974 [INFO] UserAuth:415 - Internet connection configuration mode: 1
2024-03-27 17:31:24,995 [INFO] JxBrowserEngine:152 - Initiate JxBrowser Engine with user profile folder
2024-03-27 17:31:25,226 [INFO] CheckServerUpdateThread:120 - End of CheckServer Thread
2024-03-27 17:31:26,031 [INFO] WebApp:161 - Instantiating new browser for Auth
2024-03-27 17:31:26,804 [INFO] WebApp:779 - Register for checkConnection events
2024-03-27 17:31:26,804 [INFO] WebApp:414 - Apply proxy settings
2024-03-27 17:31:26,804 [INFO] WebApp:499 - Chromium requires no authentication
2024-03-27 17:31:26,820 [INFO] WebApp:442 - Direct internet connection detected
2024-03-27 17:31:27,087 [WARN] PackLoader:240 - Cannot read IP mode file for STMicroelectronics.X-CUBE-SMBUS.2.1.0
2024-03-27 17:31:27,094 [WARN] PackLoader:240 - Cannot read IP mode file for STMicroelectronics.X-CUBE-TOUCHGFX.4.23.0
2024-03-27 17:31:27,131 [INFO] WebApp:192 - Starting web application
2024-03-27 17:31:27,131 [INFO] WebApp:544 - Web application path used C:\ST\STM32CubeIDE_1.15.0\STM32CubeIDE\plugins\com.st.stm32cube.common.mx_6.11.0.202403141607\db\plugins\mcufinder\reactClient1\index.html
2024-03-27 17:31:27,150 [WARN] PackLoader:240 - Cannot read IP mode file for STMicroelectronics.X-CUBE-AZRTOS-F7.1.1.0
2024-03-27 17:31:27,174 [WARN] PackLoader:240 - Cannot read IP mode file for STMicroelectronics.FP-SNS-MOTENV1.4.3.2
2024-03-27 17:31:27,188 [WARN] PackLoader:240 - Cannot read IP mode file for STMicroelectronics.FP-SNS-FLIGHT1.5.0.2
2024-03-27 17:31:27,207 [WARN] PackLoader:240 - Cannot read IP mode file for STMicroelectronics.X-CUBE-DISPLAY.3.0.0
2024-03-27 17:31:27,227 [WARN] PackLoader:240 - Cannot read IP mode file for STMicroelectronics.X-CUBE-BLE1.7.0.0
2024-03-27 17:31:27,237 [WARN] PackLoader:240 - Cannot read IP mode file for emotas.I-CUBE-CANOPEN.1.3.0
2024-03-27 17:31:27,261 [WARN] PackLoader:240 - Cannot read IP mode file for STMicroelectronics.X-CUBE-BLEMGR.3.1.0
2024-03-27 17:31:27,275 [WARN] PackLoader:240 - Cannot read IP mode file for STMicroelectronics.FP-SNS-SMARTAG2.1.2.0
2024-03-27 17:31:27,301 [INFO] LogOutputStream:77 - [STDOUT_REDIRECT] 1 : Invalid condition id : UX_CORESTACK_Condition cause : null
2024-03-27 17:31:27,302 [INFO] LogOutputStream:77 - [STDOUT_REDIRECT] 1 : Invalid condition id : UX_CORESTACK_Condition cause : null
2024-03-27 17:31:27,305 [INFO] LogOutputStream:77 - [STDOUT_REDIRECT] 1 : Invalid condition id : UX_CORESTACK_Condition cause : null
2024-03-27 17:31:27,307 [INFO] LogOutputStream:77 - [STDOUT_REDIRECT] 1 : Invalid condition id : UX_CORESTACK_Condition cause : null
2024-03-27 17:31:27,310 [INFO] LogOutputStream:77 - [STDOUT_REDIRECT] 1 : Invalid condition id : UX_CORESTACK_Condition cause : null
2024-03-27 17:31:27,319 [WARN] PackLoader:240 - Cannot read IP mode file for STMicroelectronics.X-CUBE-AZRTOS-WL.2.0.0
2024-03-27 17:31:27,336 [WARN] PackLoader:240 - Cannot read IP mode file for WES.I-CUBE-Cesium.1.3.0
2024-03-27 17:31:27,343 [WARN] PackLoader:240 - Cannot read IP mode file for STMicroelectronics.X-CUBE-BLE2.3.3.0
2024-03-27 17:31:27,355 [WARN] PackLoader:240 - Cannot read IP mode file for STMicroelectronics.X-CUBE-ALGOBUILD.1.3.0
2024-03-27 17:31:27,422 [WARN] PackLoader:240 - Cannot read IP mode file for STMicroelectronics.X-CUBE-AZRTOS-G0.1.1.0
2024-03-27 17:31:27,450 [WARN] PackLoader:240 - Cannot read IP mode file for STMicroelectronics.X-CUBE-NFC4.3.0.0
2024-03-27 17:31:27,458 [WARN] PackLoader:240 - Cannot read IP mode file for STMicroelectronics.FP-ATR-SIGFOX1.3.2.0
2024-03-27 17:31:27,469 [WARN] PackLoader:240 - Cannot read IP mode file for STMicroelectronics.X-CUBE-EEPRMA1.5.1.0
2024-03-27 17:31:27,528 [WARN] PackLoader:240 - Cannot read IP mode file for SEGGER.I-CUBE-embOS.1.3.1
2024-03-27 17:31:27,599 [WARN] PackLoader:240 - Cannot read IP mode file for STMicroelectronics.X-CUBE-GNSS1.6.0.0
2024-03-27 17:31:27,628 [WARN] PackLoader:240 - Cannot read IP mode file for STMicroelectronics.X-CUBE-AZRTOS-F4.1.1.0
2024-03-27 17:31:27,639 [WARN] PackLoader:240 - Cannot read IP mode file for wolfSSL.I-CUBE-wolfSSL.5.6.6
2024-03-27 17:31:27,672 [WARN] PackLoader:240 - Cannot read IP mode file for STMicroelectronics.X-CUBE-AZRTOS-L5.2.0.0
2024-03-27 17:31:27,688 [WARN] PackLoader:240 - Cannot read IP mode file for STMicroelectronics.X-CUBE-NFC6.3.1.0
2024-03-27 17:31:27,700 [WARN] PackLoader:240 - Cannot read IP mode file for ITTIA_DB.I-CUBE-ITTIADB.8.8.0
2024-03-27 17:31:27,706 [WARN] PackLoader:240 - Cannot read IP mode file for STMicroelectronics.X-CUBE-NFC7.1.0.1
2024-03-27 17:31:27,711 [WARN] PackLoader:240 - Cannot read IP mode file for STMicroelectronics.X-CUBE-AI.8.1.0
2024-03-27 17:31:27,732 [WARN] ConditionMgr:438 - getConditionDescription Invalid condition id : LAN8742 Phy interface Condition cause : null
2024-03-27 17:31:27,733 [WARN] PackLoader:240 - Cannot read IP mode file for STMicroelectronics.X-CUBE-AZRTOS-L4.2.0.0
2024-03-27 17:31:27,734 [WARN] ConditionMgr:1039 - genDependencies : Invalid condition id : LAN8742 Phy interface Condition cause : null
2024-03-27 17:31:27,735 [WARN] ConditionMgr:1039 - genDependencies : Invalid condition id : LAN8742 Phy interface Condition cause : null
2024-03-27 17:31:27,736 [WARN] ConditionMgr:1039 - genDependencies : Invalid condition id : LAN8742 Phy interface Condition cause : null
2024-03-27 17:31:27,747 [WARN] PackLoader:240 - Cannot read IP mode file for STMicroelectronics.X-CUBE-SFXS2LP1.4.0.0
2024-03-27 17:31:27,766 [WARN] ConditionMgr:438 - getConditionDescription Invalid condition id : UX DEVICE CLASS RTOS Condition cause : null
2024-03-27 17:31:27,766 [WARN] ConditionMgr:438 - getConditionDescription Invalid condition id : UX DEVICE CLASS RTOS Condition cause : null
2024-03-27 17:31:27,771 [WARN] PackLoader:240 - Cannot read IP mode file for STMicroelectronics.X-CUBE-AZRTOS-WB.2.0.0
2024-03-27 17:31:27,772 [WARN] ConditionMgr:1039 - genDependencies : Invalid condition id : UX DEVICE CLASS RTOS Condition cause : null
2024-03-27 17:31:27,772 [WARN] ConditionMgr:1039 - genDependencies : Invalid condition id : UX DEVICE CLASS RTOS Condition cause : null
2024-03-27 17:31:27,773 [WARN] ConditionMgr:1039 - genDependencies : Invalid condition id : UX DEVICE CLASS RTOS Condition cause : null
2024-03-27 17:31:27,773 [WARN] ConditionMgr:1039 - genDependencies : Invalid condition id : UX DEVICE CLASS RTOS Condition cause : null
2024-03-27 17:31:27,774 [WARN] ConditionMgr:1039 - genDependencies : Invalid condition id : UX DEVICE CLASS RTOS Condition cause : null
2024-03-27 17:31:27,790 [WARN] PackLoader:240 - Cannot read IP mode file for STMicroelectronics.X-CUBE-SUBG2.5.0.0
2024-03-27 17:31:27,820 [WARN] PackLoader:240 - Cannot read IP mode file for STMicroelectronics.X-CUBE-AZRTOS-G4.2.0.0
2024-03-27 17:31:27,847 [WARN] PackLoader:240 - Cannot read IP mode file for Infineon.AIROC-Wi-Fi-Bluetooth-STM32.1.5.1
2024-03-27 17:31:27,860 [WARN] PackLoader:240 - Cannot read IP mode file for STMicroelectronics.FP-SNS-MOTENVWB1.1.3.1
2024-03-27 17:31:27,868 [WARN] PackLoader:240 - Cannot read IP mode file for STMicroelectronics.X-CUBE-ISPU.2.0.0
2024-03-27 17:31:27,939 [WARN] PackLoader:240 - Cannot read IP mode file for STMicroelectronics.X-CUBE-MEMS1.10.0.0
2024-03-27 17:31:28,144 [WARN] PackLoader:240 - Cannot read IP mode file for STMicroelectronics.X-CUBE-FREERTOS.1.1.0
2024-03-27 17:31:28,150 [WARN] PackLoader:240 - Cannot read IP mode file for portGmbH.I-Cube-SoM-uGOAL.1.1.0
2024-03-27 17:31:28,155 [WARN] PackLoader:240 - Cannot read IP mode file for STMicroelectronics.X-CUBE-ALS.1.0.1
2024-03-27 17:31:28,159 [WARN] PackLoader:240 - Cannot read IP mode file for STMicroelectronics.FP-ATR-ASTRA1.2.0.0
2024-03-27 17:31:28,175 [WARN] PackLoader:240 - Cannot read IP mode file for STMicroelectronics.X-CUBE-TOF1.3.4.1
2024-03-27 17:31:28,210 [WARN] PackLoader:240 - Cannot read IP mode file for STMicroelectronics.X-CUBE-AZRTOS-H7.3.2.0
2024-03-27 17:31:28,214 [INFO] ThirdParty:978 - Integrity check success = true
2024-03-27 17:31:28,214 [INFO] IntegrityCheckThread:100 - exiting critical section [integrity check]
2024-03-27 17:31:28,214 [INFO] IntegrityCheckThread:103 - End integrity checks thread
2024-03-27 17:32:34,739 [ERROR] LogOutputStream:75 - [STDERR_REDIRECT] 
2024-03-27 17:32:34,741 [ERROR] LogOutputStream:75 - [STDERR_REDIRECT] 
